"../../../Echo/Content/FirstPerson/Character/Mesh/SK_Mannequin_Arms_Skeleton.uasset" 0
"../../../Echo/Content/FirstPerson/Animations/FirstPerson_Fire.uasset" 1
"../../../Echo/Content/FirstPerson/Animations/FirstPersonFire_Montage.uasset" 2
"../../../Echo/Content/FirstPerson/Animations/FirstPerson_Idle.uasset" 3
"../../../Echo/Content/FirstPerson/Animations/FirstPerson_JumpEnd.uasset" 4
"../../../Echo/Content/FirstPerson/Animations/FirstPerson_JumpLoop.uasset" 5
"../../../Echo/Content/FirstPerson/Animations/FirstPerson_JumpStart.uasset" 6
"../../../Echo/Content/FirstPerson/Animations/FirstPerson_Run.uasset" 7
"../../../Engine/Content/EditorBlueprintResources/StandardMacros.uasset" 8
"../../../Echo/Content/FirstPerson/Animations/FirstPerson_AnimBP.uasset" 9
"../../../Echo/Content/FirstPerson/Audio/FirstPersonTemplateWeaponFire02.uasset" 10
"../../../Echo/Content/FirstPerson/Character/Textures/UE4_LOGO_CARD.uasset" 11
"../../../Echo/Content/FirstPerson/FPWeapon/Materials/MaterialLayers/ML_Plastic_Shiny_Beige_LOGO.uasset" 12
"../../../Echo/Content/FirstPerson/FPWeapon/Materials/MaterialLayers/T_ML_FineRubber.uasset" 13
"../../../Echo/Content/FirstPerson/FPWeapon/Mesh/SK_FPGun_PhysicsAsset.uasset" 14
"../../../Echo/Content/FirstPersonBP/Material_001.uasset" 15
"../../../Echo/Content/FirstPersonBP/Material_002.uasset" 16
"../../../Echo/Content/FirstPersonBP/BowlingPin.uasset" 17
"../../../Echo/Content/FirstPersonBP/BouLinPin.uasset" 18
"../../../Echo/Content/FirstPersonBP/GoalParameterCollection.uasset" 19
"../../../Echo/Content/FirstPerson/Character/Textures/UE4_Mannequin_MAT_MASKA.uasset" 20
"../../../Echo/Content/FirstPersonBP/GoalMaterial1.uasset" 21
"../../../Echo/Content/FirstPersonBP/Metal_-_Gear.uasset" 22
"../../../Echo/Content/FirstPersonBP/Pinball.uasset" 23
"../../../Echo/Content/FirstPersonBP/Pinball_Cue.uasset" 24
"../../../Echo/Content/FirstPerson/Meshes/BaseMaterial.uasset" 25
"../../../Echo/Content/FirstPerson/Meshes/FirstPersonProjectileMaterial.uasset" 26
"../../../Echo/Content/FirstPerson/Meshes/FirstPersonProjectileMesh.uasset" 27
"../../../Echo/Content/FirstPersonBP/Blueprints/FirstPersonProjectile.uasset" 28
"../../../Echo/Content/FirstPersonBP/Blueprints/Interactables/AActivatable.uasset" 29
"../../../Echo/Content/FirstPersonBP/Blueprints/Interactables/ActTester.uasset" 30
"../../../Echo/Content/FirstPersonBP/Blueprints/Interactables/Sounds/full_steps_stereo.uasset" 31
"../../../Echo/Content/FirstPersonBP/Enemy/BTTask_BlueprintBase_New2.uasset" 32
"../../../Echo/Content/FirstPersonBP/Enemy/SetWasPatroling.uasset" 33
"../../../Echo/Content/FirstPersonBP/Enemy/Decorators/BTDecorator_BlueprintBase_New.uasset" 34
"../../../Echo/Content/FirstPersonBP/Enemy/Decorators/FoundPlayer.uasset" 35
"../../../Echo/Content/FirstPersonBP/Enemy/Tasks/SetSoundHeard.uasset" 36
"../../../Echo/Content/FirstPersonBP/Enemy/Tasks/TestForAbort.uasset" 37
"../../../Echo/Content/Geometry/Meshes/CubeMaterial.uasset" 38
"../../../Echo/Content/Geometry/Meshes/1M_Cube_Chamfer.uasset" 39
"../../../Echo/Content/Geometry/Meshes/TemplateFloor.uasset" 40
"../../../Echo/Content/StarterContent/Materials/M_Basic_Wall.uasset" 41
"../../../Echo/Content/StarterContent/Architecture/Pillar_50x500.uasset" 42
"../../../Echo/Content/StarterContent/Architecture/Wall_400x300.uasset" 43
"../../../Echo/Content/StarterContent/Architecture/Wall_400x400.uasset" 44
"../../../Echo/Content/StarterContent/Architecture/Wall_500x500.uasset" 45
"../../../Echo/Content/StarterContent/Architecture/Wall_Door_400x400.uasset" 46
"../../../Echo/Content/StarterContent/Architecture/Wall_Window_400x400.uasset" 47
"../../../Echo/Content/StarterContent/Audio/Light01_Cue.uasset" 48
"../../../Echo/Content/StarterContent/Audio/Light02_Cue.uasset" 49
"../../../Echo/Content/StarterContent/Audio/Explosion_Cue.uasset" 50
"../../../Echo/Content/StarterContent/Textures/T_Burst_M.uasset" 51
"../../../Echo/Content/StarterContent/Particles/Materials/M_Burst.uasset" 52
"../../../Echo/Content/StarterContent/Textures/T_Explosion_SubUV.uasset" 53
"../../../Echo/Content/StarterContent/Particles/Materials/M_explosion_subUV.uasset" 54
"../../../Echo/Content/StarterContent/Particles/Materials/m_flare_01.uasset" 55
"../../../Engine/Content/Functions/Engine_MaterialFunctions01/Gradient/RadialGradient.uasset" 56
"../../../Echo/Content/StarterContent/Particles/Materials/M_radial_ramp.uasset" 57
"../../../Echo/Content/StarterContent/Textures/T_Smoke_SubUV.uasset" 58
"../../../Echo/Content/StarterContent/Textures/T_Smoke_Tiled_D.uasset" 59
"../../../Echo/Content/StarterContent/Particles/Materials/M_smoke_subUV.uasset" 60
"../../../Echo/Content/StarterContent/Particles/P_Explosion.uasset" 61
"../../../Echo/Content/StarterContent/Blueprints/Blueprint_Effect_Explosion.uasset" 62
"../../../Engine/Content/EditorMeshes/ColorCalibrator/T_ColorGrid.uasset" 63
"../../../Echo/Content/StarterContent/Materials/M_ColorGrid_LowSpec.uasset" 64
"../../../Echo/Content/StarterContent/Textures/T_Bush_D.uasset" 65
"../../../Echo/Content/StarterContent/Textures/T_Bush_N.uasset" 66
"../../../Echo/Content/StarterContent/Props/Materials/M_Bush.uasset" 67
"../../../Echo/Content/StarterContent/Props/SM_Bush.uasset" 68
"../../../Echo/Content/StarterContent/Textures/T_Chair_M.uasset" 69
"../../../Echo/Content/StarterContent/Textures/T_Chair_N.uasset" 70
"../../../Echo/Content/StarterContent/Props/Materials/M_Chair.uasset" 71
"../../../Echo/Content/StarterContent/Props/SM_Couch.uasset" 72
"../../../Echo/Content/StarterContent/Materials/M_Glass.uasset" 73
"../../../Echo/Content/StarterContent/Textures/T_Door_M.uasset" 74
"../../../Echo/Content/StarterContent/Textures/T_Door_N.uasset" 75
"../../../Echo/Content/StarterContent/Props/Materials/M_Door.uasset" 76
"../../../Echo/Content/StarterContent/Props/SM_Door.uasset" 77
"../../../Echo/Content/StarterContent/Props/Materials/M_MaterialSphere.uasset" 78
"../../../Echo/Content/StarterContent/Props/Materials/M_MaterialSphere_Plain.uasset" 79
"../../../Echo/Content/StarterContent/Props/SM_MatPreviewMesh_02.uasset" 80
"../../../Engine/Content/Functions/Engine_MaterialFunctions02/Utility/BlendAngleCorrectedNormals.uasset" 81
"../../../Echo/Content/StarterContent/Textures/T_Detail_Rocky_N.uasset" 82
"../../../Echo/Content/StarterContent/Textures/T_Rock_Basalt_D.uasset" 83
"../../../Echo/Content/StarterContent/Textures/T_RockMesh_M.uasset" 84
"../../../Echo/Content/StarterContent/Textures/T_RockMesh_N.uasset" 85
"../../../Echo/Content/StarterContent/Props/Materials/M_Rock.uasset" 86
"../../../Echo/Content/StarterContent/Props/SM_Rock.uasset" 87
"../../../Echo/Content/StarterContent/Textures/T_Shelf_M.uasset" 88
"../../../Echo/Content/StarterContent/Textures/T_Shelf_N.uasset" 89
"../../../Echo/Content/StarterContent/Props/Materials/M_Shelf.uasset" 90
"../../../Echo/Content/StarterContent/Props/SM_Shelf.uasset" 91
"../../../Echo/Content/StarterContent/Materials/M_Basic_Floor.uasset" 92
"../../../Echo/Content/StarterContent/Props/SM_Stairs.uasset" 93
"../../../Echo/Content/StarterContent/Shapes/Shape_Cone.uasset" 94
"../../../Echo/Content/StarterContent/Shapes/Shape_Cylinder.uasset" 95
"../../../Echo/Content/StarterContent/Shapes/Shape_NarrowCapsule.uasset" 96
"../../../Echo/Content/StarterContent/Shapes/Shape_Pipe.uasset" 97
"../../../Echo/Content/StarterContent/Shapes/Shape_Pipe_180.uasset" 98
"../../../Echo/Content/StarterContent/Shapes/Shape_Pipe_90.uasset" 99
"../../../Echo/Content/StarterContent/Shapes/Shape_Plane.uasset" 100
"../../../Echo/Content/StarterContent/Shapes/Shape_Torus.uasset" 101
"../../../Echo/Content/StarterContent/Shapes/Shape_Trim.uasset" 102
"../../../Echo/Content/StarterContent/Shapes/Shape_Trim_90_In.uasset" 103
"../../../Echo/Content/StarterContent/Shapes/Shape_Trim_90_Out.uasset" 104
"../../../Echo/Content/StarterContent/Shapes/Shape_TriPyramid.uasset" 105
"../../../Echo/Content/StarterContent/Shapes/Shape_Tube.uasset" 106
"../../../Echo/Content/StarterContent/Shapes/Shape_Wedge_A.uasset" 107
"../../../Echo/Content/StarterContent/Shapes/Shape_Wedge_B.uasset" 108
"../../../Echo/Content/StarterContent/Shapes/Shape_WideCapsule.uasset" 109
"../../../Engine/Content/Functions/Engine_MaterialFunctions01/Opacity/CameraDepthFade.uasset" 110
"../../../Engine/Content/EngineMaterials/T_Default_Material_Grid_M.uasset" 111
"../../../Engine/Content/EngineMaterials/T_Default_Material_Grid_N.uasset" 112
"../../../Engine/Content/EngineMaterials/DefaultMaterial.uasset" 113
"../../../Engine/Content/BasicShapes/Cone.uasset" 114
"../../../Engine/Content/BasicShapes/Cylinder.uasset" 115
"../../../Engine/Content/EngineMaterials/WorldGridMaterial.uasset" 116
"../../../Engine/Content/BasicShapes/Plane.uasset" 117
"../../../Engine/Content/EditorLandscapeResources/DataLayer.uasset" 118
"../../../Engine/Content/EditorMaterials/GizmoMaterial.uasset" 119
"../../../Engine/Content/EditorMaterials/MAT_Groups_Toggle.uasset" 120
"../../../Engine/Content/EditorMaterials/MAT_Groups_Visibility.uasset" 121
"../../../Engine/Content/EditorMaterials/PreviewShadowIndicator.uasset" 122
"../../../Engine/Content/EditorMaterials/PreviewShadowIndicatorMaterial.uasset" 123
"../../../Engine/Content/EditorMaterials/MatineeGroups/MAT_ColorTrack.uasset" 124
"../../../Engine/Content/EditorMaterials/MatineeGroups/MAT_Groups_Anim.uasset" 125
"../../../Engine/Content/EditorMaterials/MatineeGroups/MAT_Groups_AudioMaster.uasset" 126
"../../../Engine/Content/EditorMaterials/MatineeGroups/MAT_Groups_Director.uasset" 127
"../../../Engine/Content/EditorMaterials/MatineeGroups/MAT_Groups_Event.uasset" 128
"../../../Engine/Content/EditorMaterials/MatineeGroups/MAT_Groups_Fade.uasset" 129
"../../../Engine/Content/EditorMaterials/MatineeGroups/MAT_Groups_Float.uasset" 130
"../../../Engine/Content/EditorMaterials/MatineeGroups/MAT_Groups_Move.uasset" 131
"../../../Engine/Content/EditorMaterials/MatineeGroups/MAT_Groups_Slomo.uasset" 132
"../../../Engine/Content/EditorMaterials/MatineeGroups/MAT_Groups_Sound.uasset" 133
"../../../Engine/Content/EditorMaterials/MatineeGroups/MAT_Groups_Vector.uasset" 134
"../../../Engine/Content/EditorMaterials/ParticleSystems/PSysThumbnail_NoImage.uasset" 135
"../../../Engine/Content/EditorMaterials/ParticleSystems/PSysThumbnail_OOD.uasset" 136
"../../../Engine/Content/EditorMaterials/Camera/CineMat.uasset" 137
"../../../Engine/Content/EditorMaterials/Camera/MI_CineMat_Rig.uasset" 138
"../../../Engine/Content/EditorMeshes/Camera/SM_CraneRig_Arm.uasset" 139
"../../../Engine/Content/EditorMeshes/Camera/SM_CraneRig_Base.uasset" 140
"../../../Engine/Content/EditorMeshes/Camera/SM_CraneRig_Body.uasset" 141
"../../../Engine/Content/EditorMeshes/Camera/SM_CraneRig_Mount.uasset" 142
"../../../Engine/Content/EditorMeshes/Camera/SM_RailRig_Mount.uasset" 143
"../../../Engine/Content/EditorMeshes/Camera/SM_RailRig_Track.uasset" 144
"../../../Engine/Content/EditorResources/BSPVertex.uasset" 145
"../../../Engine/Content/EditorResources/EmptyActor.uasset" 146
"../../../Engine/Content/EditorResources/S_Actor.uasset" 147
"../../../Engine/Content/EditorResources/S_Trigger.uasset" 148
"../../../Engine/Content/EditorResources/AudioIcons/S_AudioComponent.uasset" 149
"../../../Engine/Content/EditorResources/AudioIcons/S_AudioComponent_AutoActivate.uasset" 150
"../../../Engine/Content/EditorResources/LightIcons/S_LightError.uasset" 151
"../../../Engine/Content/EditorResources/SequenceRecorder/Countdown.uasset" 152
"../../../Engine/Content/EditorResources/SequenceRecorder/RecordingIndicator.uasset" 153
"../../../Engine/Content/EditorSounds/Notifications/CompileFailed.uasset" 154
"../../../Engine/Content/EditorSounds/Notifications/CompileFailed_Cue.uasset" 155
"../../../Engine/Content/EditorSounds/Notifications/CompileSuccess.uasset" 156
"../../../Engine/Content/EditorSounds/Notifications/CompileStart_Cue.uasset" 157
"../../../Engine/Content/EditorSounds/Notifications/CompileSuccess_Cue.uasset" 158
"../../../Engine/Content/EngineDamageTypes/DmgTypeBP_Environmental.uasset" 159
"../../../Engine/Content/EngineDebugMaterials/HeatmapGradient.uasset" 160
"../../../Engine/Content/EngineDebugMaterials/BoneWeightMaterial.uasset" 161
"../../../Engine/Content/EngineDebugMaterials/ClothMaterial.uasset" 162
"../../../Engine/Content/EngineDebugMaterials/ClothMaterial_WF.uasset" 163
"../../../Engine/Content/EngineDebugMaterials/DebugEditorMaterial.uasset" 164
"../../../Engine/Content/EngineDebugMaterials/DebugMeshMaterial.uasset" 165
"../../../Engine/Content/EngineDebugMaterials/GeomMaterial.uasset" 166
"../../../Engine/Content/EngineFonts/Faces/RobotoBold.uasset" 167
"../../../Engine/Content/EngineFonts/Faces/RobotoBoldItalic.uasset" 168
"../../../Engine/Content/EngineFonts/Faces/RobotoItalic.uasset" 169
"../../../Engine/Content/EngineFonts/Faces/RobotoLight.uasset" 170
"../../../Engine/Content/EngineFonts/Faces/RobotoRegular.uasset" 171
"../../../Engine/Content/EngineFonts/Roboto.uasset" 172
"../../../Engine/Content/EngineFonts/Faces/RobotoTiny.uasset" 173
"../../../Engine/Content/EngineFonts/RobotoTiny.uasset" 174
"../../../Engine/Content/EngineMaterials/DefaultBloomKernel.uasset" 175
"../../../Engine/Content/EngineMaterials/DefaultBokeh.uasset" 176
"../../../Engine/Content/EngineMaterials/DefaultDiffuse.uasset" 177
"../../../Engine/Content/EngineMaterials/DefaultDeferredDecalMaterial.uasset" 178
"../../../Engine/Content/EngineMaterials/DefaultLightFunctionMaterial.uasset" 179
"../../../Engine/Content/EngineMaterials/DefaultPhysicalMaterial.uasset" 180
"../../../Engine/Content/Functions/Engine_MaterialFunctions02/Utility/BreakOutFloat2Components.uasset" 181
"../../../Engine/Content/EngineMaterials/DefaultPostProcessMaterial.uasset" 182
"../../../Engine/Content/EngineFonts/RobotoDistanceField.uasset" 183
"../../../Engine/Content/EngineMaterials/DefaultTextMaterialOpaque.uasset" 184
"../../../Engine/Content/EngineMaterials/DefaultWhiteGrid.uasset" 185
"../../../Engine/Content/EngineMaterials/EditorBrushMaterial.uasset" 186
"../../../Engine/Content/EngineMaterials/Good64x64TilingNoiseHighFreq.uasset" 187
"../../../Engine/Content/EngineMaterials/MiniFont.uasset" 188
"../../../Engine/Content/EngineMaterials/InvalidLightmapSettings.uasset" 189
"../../../Engine/Content/EngineMaterials/M_InvalidLightmapSettings.uasset" 190
"../../../Engine/Content/Functions/Engine_MaterialFunctions02/WorldPositionOffset/CameraOffset.uasset" 191
"../../../Engine/Content/EngineMaterials/PhAT_JointLimitMaterial.uasset" 192
"../../../Engine/Content/EngineMaterials/PreintegratedSkinBRDF.uasset" 193
"../../../Engine/Content/EngineMaterials/RemoveSurfaceMaterial.uasset" 194
"../../../Engine/Content/EngineMaterials/WeightMapPlaceholderTexture.uasset" 195
"../../../Engine/Content/EngineResources/WhiteSquareTexture.uasset" 196
"../../../Engine/Content/EngineMaterials/Widget3DPassThrough.uasset" 197
"../../../Engine/Content/EngineMaterials/Widget3DPassThrough_Masked.uasset" 198
"../../../Engine/Content/EngineMaterials/Widget3DPassThrough_Opaque.uasset" 199
"../../../Engine/Content/EngineMaterials/Widget3DPassThrough_Masked_OneSided.uasset" 200
"../../../Engine/Content/EngineMaterials/Widget3DPassThrough_Opaque_OneSided.uasset" 201
"../../../Engine/Content/EngineMaterials/Widget3DPassThrough_Translucent.uasset" 202
"../../../Engine/Content/EngineMaterials/Widget3DPassThrough_Translucent_OneSided.uasset" 203
"../../../Engine/Content/EngineMeshes/Cube.uasset" 204
"../../../Engine/Content/EngineMeshes/Cylinder.uasset" 205
"../../../Engine/Content/EngineMeshes/Sphere.uasset" 206
"../../../Engine/Content/EngineResources/Black.uasset" 207
"../../../Engine/Content/EngineResources/DefaultTexture.uasset" 208
"../../../Engine/Content/EngineResources/DefaultTextureCube.uasset" 209
"../../../Engine/Content/EngineResources/GradientTexture0.uasset" 210
"../../../Engine/Content/EngineSounds/Master.uasset" 211
"../../../Engine/Content/Functions/Engine_MaterialFunctions01/Shading/ConvertFromDiffSpec.uasset" 212
"../../../Engine/Content/Functions/Engine_MaterialFunctions01/Shading/PowerToRoughness.uasset" 213
"../../../Engine/Content/Maps/Templates/Thumbnails/Default.uasset" 214
"../../../Engine/Content/Maps/Templates/Thumbnails/VR-Basic.uasset" 215
"../../../Engine/Content/MobileResources/T_MobileControls_texture.uasset" 216
"../../../Engine/Content/MobileResources/T_MobileMenu2.uasset" 217
"../../../Engine/Content/MobileResources/HUD/AnalogHat.uasset" 218
"../../../Engine/Content/MobileResources/HUD/VirtualJoystick_Background.uasset" 219
"../../../Engine/Content/MobileResources/HUD/VirtualJoystick_Thumb.uasset" 220
"../../../Engine/Content/MobileResources/HUD/DefaultVirtualJoysticks.uasset" 221
"../../../Engine/Content/MobileResources/HUD/LeftVirtualJoystickOnly.uasset" 222
"../../../Engine/Content/MobileResources/HUD/MobileHUDButton1_off.uasset" 223
"../../../Engine/Content/MobileResources/HUD/MobileHUDButton1_on.uasset" 224
"../../../Engine/Content/MobileResources/HUD/MobileHUDButton2_off.uasset" 225
"../../../Engine/Content/MobileResources/HUD/MobileHUDButton2_on.uasset" 226
"../../../Engine/Content/MobileResources/HUD/MobileHUDButton3.uasset" 227
"../../../Engine/Content/MobileResources/HUD/MobileHUDButtonFire.uasset" 228
"../../../Engine/Content/MobileResources/HUD/MobileHUDDirectionPad.uasset" 229
"../../../Engine/Content/MobileResources/HUD/MobileHUDDirectionPad2.uasset" 230
"../../../Engine/Content/MobileResources/HUD/MobileHUDDirectionPad3.uasset" 231
"../../../Engine/Content/MobileResources/HUD/MobileHUDDirectionStick.uasset" 232
"../../../Engine/Content/MobileResources/HUD/T_Castle_ThumbstickInner.uasset" 233
"../../../Engine/Content/MobileResources/HUD/T_Castle_ThumbstickOutter.uasset" 234
"../../../Engine/Content/Tutorial/ContentIntroCurve.uasset" 235
"../../../Engine/Content/Tutorial/Basics/TutorialAssets/icon_tab_Levels_40x.uasset" 236
"../../../Engine/Content/Tutorial/BlueprintTutorials/TutorialAssets/BlueprintInterface_64x.uasset" 237
"../../../Engine/Content/Tutorial/BlueprintTutorials/TutorialAssets/BlueprintMacroLibrary_64x.uasset" 238
"../../../Engine/Content/Tutorial/BlueprintTutorials/TutorialAssets/Blueprint_64x.uasset" 239
"../../../Engine/Content/Tutorial/BlueprintTutorials/TutorialAssets/Tutorial_BP_Interface.uasset" 240
"../../../Engine/Content/Tutorial/Foliage/TutorialAssets/Foliage.uasset" 241
"../../../Engine/Content/Tutorial/Landscape/TutorialAssets/Landscape.uasset" 242
"../../../Engine/Content/Tutorial/Paper2D/TutorialAssets/Paper2DFlipbook_TutorialIcon.uasset" 243
"../../../Engine/Content/Tutorial/Paper2D/TutorialAssets/Paper2DSprite_TutorialIcon.uasset" 244
"../../../Engine/Content/Tutorial/SubEditors/TutorialAssets/icon_Editor_Preferences_General_40x.uasset" 245
"../../../Engine/Content/Tutorial/SubEditors/TutorialAssets/icon_ShowSkeletalMeshes_40x.uasset" 246
"../../../Engine/Content/Tutorial/SubEditors/TutorialAssets/TutorialMaterial.uasset" 247
"../../../Engine/Content/Tutorial/SubEditors/TutorialAssets/T_SmokeSubUV_8X8.uasset" 248
"../../../Engine/Content/Tutorial/SubEditors/TutorialAssets/T_soft_smoke.uasset" 249
"../../../Engine/Content/Tutorial/SubEditors/TutorialAssets/M_smoke_subUV_blackbody.uasset" 250
"../../../Engine/Content/Tutorial/SubEditors/TutorialAssets/TutorialParticleSystem.uasset" 251
"../../../Engine/Content/VREditor/Devices/Generic/GenericHMDMaterial.uasset" 252
"../../../Engine/Content/VREditor/Devices/Generic/GenericHMD.uasset" 253
"../../../Engine/Content/VREditor/FloatingText/LineMaterial.uasset" 254
"../../../Engine/Content/VREditor/FloatingText/JointSphere.uasset" 255
"../../../Engine/Content/VREditor/FloatingText/LineSegmentCylinder.uasset" 256
"../../../Engine/Content/VREditor/Fonts/VRText_RobotoLarge.uasset" 257
"../../../Engine/Content/VREditor/Fonts/VRTextMaterial.uasset" 258
"../../../Engine/Content/VREditor/Fonts/TranslucentVRTextMaterial.uasset" 259
"../../../Engine/Content/VREditor/LaserPointer/CursorPointer.uasset" 260
"../../../Engine/Content/VREditor/LaserPointer/VR_LaserPower_01.uasset" 261
"../../../Engine/Content/VREditor/TransformGizmo/TransformGizmoMaterial.uasset" 262
"../../../Engine/Content/VREditor/LaserPointer/HoverMaterial.uasset" 263
"../../../Engine/Content/VREditor/TransformGizmo/TranslucentTransformGizmoMaterial.uasset" 264
"../../../Engine/Content/VREditor/LaserPointer/TranslucentHoverMaterial.uasset" 265
"../../../Engine/Content/VREditor/LaserPointer/HoverMesh.uasset" 266
"../../../Engine/Content/VREditor/LaserPointer/LaserPointerMaterial.uasset" 267
"../../../Engine/Content/VREditor/LaserPointer/LaserPointerMaterialInst.uasset" 268
"../../../Engine/Content/VREditor/LaserPointer/TranslucentLaserPointerMaterialInst.uasset" 269
"../../../Engine/Content/VREditor/LaserPointer/LaserPointerMesh.uasset" 270
"../../../Engine/Content/VREditor/LaserPointer/LaserPointerMesh_End.uasset" 271
"../../../Engine/Content/VREditor/LaserPointer/LaserPointerMesh_Start.uasset" 272
"../../../Engine/Content/Functions/Engine_MaterialFunctions02/Utility/BreakOutFloat3Components.uasset" 273
"../../../Engine/Content/Functions/Engine_MaterialFunctions02/Math/Transform3x3Matrix.uasset" 274
"../../../Engine/Content/Functions/Engine_MaterialFunctions02/SplitComponents.uasset" 275
"../../../Engine/Content/Functions/Engine_MaterialFunctions02/Utility/MakeFloat3.uasset" 276
"../../../Engine/Content/VREditor/SnapGrid/SnapGridMaterial.uasset" 277
"../../../Engine/Content/VREditor/SnapGrid/SnapGridPlaneMesh.uasset" 278
"../../../Engine/Content/VREditor/Sounds/VR_teleport.uasset" 279
"../../../Engine/Content/VREditor/Sounds/UI/Click_on_Button_Cue.uasset" 280
"../../../Engine/Content/VREditor/Sounds/UI/Dockable_Window_Close.uasset" 281
"../../../Engine/Content/VREditor/Sounds/UI/Dockable_Window_Drop.uasset" 282
"../../../Engine/Content/VREditor/Sounds/UI/Dockable_Window_Open.uasset" 283
"../../../Engine/Content/VREditor/Sounds/UI/Dockable_Window_Pick_Up.uasset" 284
"../../../Engine/Content/VREditor/Sounds/UI/Drop_Item_From_ContentBrowser.uasset" 285
"../../../Engine/Content/VREditor/Sounds/UI/Floating_UI_Open-001.uasset" 286
"../../../Engine/Content/VREditor/Sounds/UI/Gizmo_Handle_Clicked.uasset" 287
"../../../Engine/Content/VREditor/Sounds/UI/Object_PickUp.uasset" 288
"../../../Engine/Content/VREditor/Sounds/UI/Object_Snaps_To_Another_Actor.uasset" 289
"../../../Engine/Content/VREditor/Sounds/UI/Object_Snaps_To_Grid.uasset" 290
"../../../Engine/Content/VREditor/Sounds/UI/Radial_Menu_FadeOut.uasset" 291
"../../../Engine/Content/VREditor/Sounds/UI/Scaling_Down.uasset" 292
"../../../Engine/Content/VREditor/Sounds/UI/Scaling_Up.uasset" 293
"../../../Engine/Content/VREditor/Sounds/UI/Selection_Changes.uasset" 294
"../../../Engine/Content/VREditor/Sounds/UI/Teleport_Mode_Entered.uasset" 295
"../../../Engine/Content/VREditor/Teleport/TeleportDirectionMaterial.uasset" 296
"../../../Engine/Content/VREditor/Teleport/TeleportDirectionMaterial_Inst.uasset" 297
"../../../Engine/Content/VREditor/Teleport/TeleportDirectionMesh.uasset" 298
"../../../Engine/Content/VREditor/TransformGizmo/BoundingBoxCorner.uasset" 299
"../../../Engine/Content/VREditor/TransformGizmo/BoundingBoxEdge.uasset" 300
"../../../Engine/Content/VREditor/TransformGizmo/PlaneTranslationHandle.uasset" 301
"../../../Engine/Content/VREditor/TransformGizmo/RotationHandleFull.uasset" 302
"../../../Engine/Content/VREditor/TransformGizmo/RotationHandleIndicator.uasset" 303
"../../../Engine/Content/VREditor/TransformGizmo/RotationHandleQuarter.uasset" 304
"../../../Engine/Content/VREditor/TransformGizmo/Main.uasset" 305
"../../../Engine/Content/VREditor/TransformGizmo/Xray.uasset" 306
"../../../Engine/Content/VREditor/TransformGizmo/SM_Dialog_Close.uasset" 307
"../../../Engine/Content/VREditor/TransformGizmo/SM_Dialog_Move.uasset" 308
"../../../Engine/Content/VREditor/TransformGizmo/SM_Sequencer_Key.uasset" 309
"../../../Engine/Content/VREditor/TransformGizmo/SM_Sequencer_Node.uasset" 310
"../../../Engine/Content/VREditor/TransformGizmo/StartRotationHandleIndicator.uasset" 311
"../../../Engine/Content/VREditor/TransformGizmo/TranslucentTransformGizmoMaterial_Inst.uasset" 312
"../../../Engine/Content/VREditor/TransformGizmo/TransformGizmoFreeRotation.uasset" 313
"../../../Engine/Content/VREditor/TransformGizmo/TransformGizmoMaterial_Inst.uasset" 314
"../../../Engine/Content/VREditor/TransformGizmo/TranslateArrowHandle.uasset" 315
"../../../Engine/Content/VREditor/TransformGizmo/UniformScaleHandle.uasset" 316
"../../../Engine/Content/VREditor/UI/KeyDiskMaterial.uasset" 317
"../../../Engine/Content/VREditor/UI/DiscMaterial.uasset" 318
"../../../Engine/Content/VREditor/UI/SM_Radial_Disk.uasset" 319
"../../../Engine/Content/VREditor/WorldMovementGrid/SimpleGrid.uasset" 320
"../../../Engine/Content/VREditor/WorldMovementGrid/GridMaterial.uasset" 321
"../../../Engine/Content/Functions/Engine_MaterialFunctions01/Density/ExponentialDensity.uasset" 322
"../../../Engine/Content/VREditor/WorldMovementGrid/GridPostProcess.uasset" 323
"../../../Engine/Content/EditorLandscapeResources/FlattenHeightMat.uasset" 324
"../../../Engine/Content/VREditor/WorldMovementGrid/PlaneMesh.uasset" 325
"../../../Engine/Plugins/2D/Paper2D/Content/PlaceholderTextures/DummySpriteTexture.uasset" 326
"../../../Engine/Plugins/2D/Paper2D/Content/DummySprite.uasset" 327
"../../../Engine/Plugins/2D/Paper2D/Content/DefaultPaperTerrainMaterial.uasset" 328
"../../../Engine/Plugins/2D/Paper2D/Content/DefaultSpriteMaterial.uasset" 329
"../../../Engine/Plugins/2D/Paper2D/Content/MaskedUnlitSpriteMaterial.uasset" 330
"../../../Engine/Plugins/2D/Paper2D/Content/OpaqueUnlitSpriteMaterial.uasset" 331
"../../../Engine/Plugins/Media/MediaCompositing/Content/DefaultMediaPlaneMaterial.uasset" 332
"../../../Engine/Content/Functions/Engine_MaterialFunctions02/Utility/MakeFloat4.uasset" 333
"../../../Engine/Plugins/Runtime/AppleARKit/Content/ARKitCameraMaterial.uasset" 334
"../../../Engine/Plugins/Runtime/Oculus/OculusVR/Content/Textures/GearVRController_AO.uasset" 335
"../../../Engine/Plugins/Runtime/Oculus/OculusVR/Content/Textures/GearVRController_Color.uasset" 336
"../../../Engine/Plugins/Runtime/Oculus/OculusVR/Content/Textures/GearVRController_Normal.uasset" 337
"../../../Engine/Plugins/Runtime/Oculus/OculusVR/Content/Materials/GearVRControllerMaterial.uasset" 338
"../../../Engine/Plugins/Runtime/Oculus/OculusVR/Content/Meshes/GearVrController.uasset" 339
"../../../Echo/Content/FirstPersonBP/Blueprints/DeathShake.uasset" 340
"../../../Echo/Content/FirstPerson/Textures/FirstPersonCrosshair.uasset" 341
"../../../Echo/Content/FirstPersonBP/Blueprints/FirstPersonHUD.uasset" 342
"../../../Echo/Content/FirstPersonBP/SphereEmitter.uasset" 343
"../../../Echo/Content/FirstPersonBP/EchoParameterCollection.uasset" 344
"../../../Echo/Content/FirstPersonBP/SoundSystem.uasset" 345
"../../../Echo/Content/FirstPersonBP/Blueprints/FirstPersonGameMode.uasset" 346
"../../../Echo/Content/FirstPersonBP/Blueprints/Interactables/Textures/Cardboard.uasset" 347
"../../../Echo/Content/FirstPersonBP/Blueprints/Interactables/Box_Material.uasset" 348
"../../../Engine/Content/BasicShapes/Cube.uasset" 349
"../../../Echo/Content/FirstPersonBP/Bump.uasset" 350
"../../../Echo/Content/FirstPersonBP/Bump_Cue.uasset" 351
"../../../Echo/Content/FirstPersonBP/Blueprints/Interactables/Box.uasset" 352
"../../../Echo/Content/FirstPersonBP/Blueprints/Interactables/ButtusMaterial.uasset" 353
"../../../Echo/Content/FirstPersonBP/Blueprints/Interactables/Textures/wood_2.uasset" 354
"../../../Echo/Content/FirstPersonBP/Blueprints/Interactables/Door_Material.uasset" 355
"../../../Echo/Content/FirstPersonBP/klick_platte.uasset" 356
"../../../Echo/Content/FirstPersonBP/Button_Cue.uasset" 357
"../../../Echo/Content/FirstPersonBP/Blueprints/Interactables/ButtusRex.uasset" 358
"../../../Echo/Content/FirstPersonBP/Nuclear_Submarine_Sonar_Sound.uasset" 359
"../../../Echo/Content/FirstPersonBP/Ping_Cue.uasset" 360
"../../../Echo/Content/FirstPersonBP/full_steps_stereo5.uasset" 361
"../../../Echo/Content/FirstPersonBP/ste5_cue.uasset" 362
"../../../Echo/Content/FirstPersonBP/full_steps_stereo1.uasset" 363
"../../../Echo/Content/FirstPersonBP/step1_cue.uasset" 364
"../../../Echo/Content/FirstPersonBP/full_steps_stereo2.uasset" 365
"../../../Echo/Content/FirstPersonBP/step2_cue.uasset" 366
"../../../Echo/Content/FirstPersonBP/full_steps_stereo3.uasset" 367
"../../../Echo/Content/FirstPersonBP/step3_cue.uasset" 368
"../../../Echo/Content/FirstPersonBP/full_steps_stereo4.uasset" 369
"../../../Echo/Content/FirstPersonBP/step4_cue.uasset" 370
"../../../Echo/Content/StarterContent/Audio/Explosion01.uasset" 371
"../../../Echo/Content/StarterContent/Audio/Explosion01_Cue.uasset" 372
"../../../Echo/Content/FirstPersonBP/Blueprints/FirstPersonCharacter.uasset" 373
"../../../Echo/Content/FirstPersonBP/Enemy/BB.uasset" 374
"../../../Echo/Content/FirstPersonBP/Enemy/Decorators/HeardSound.uasset" 375
"../../../Echo/Content/FirstPersonBP/Enemy/Decorators/PlayerFound.uasset" 376
"../../../Echo/Content/FirstPersonBP/Enemy/Decorators/WasPatroling.uasset" 377
"../../../Echo/Content/FirstPersonBP/Enemy/Tasks/AttackPlayer.uasset" 378
"../../../Echo/Content/FirstPersonBP/Enemy/Tasks/ChangeSpeed.uasset" 379
"../../../Echo/Content/FirstPersonBP/Enemy/Tasks/CustomMoveTo.uasset" 380
"../../../Echo/Content/Danger.uasset" 381
"../../../Echo/Content/FirstPersonBP/HughMungus_cue.uasset" 382
"../../../Echo/Content/FirstPersonBP/Enemy/Tasks/HughMungus.uasset" 383
"../../../Echo/Content/FirstPersonBP/Enemy/Tasks/ResetAggro.uasset" 384
"../../../Echo/Content/FirstPersonBP/Enemy/Waypoint.uasset" 385
"../../../Echo/Content/FirstPersonBP/Enemy/Tasks/SelectNewWP.uasset" 386
"../../../Echo/Content/FirstPersonBP/Enemy/Tasks/SetWasPatroling.uasset" 387
"../../../Echo/Content/FirstPersonBP/Enemy/Tasks/UseEcho.uasset" 388
"../../../Echo/Content/FirstPersonBP/Enemy/BT.uasset" 389
"../../../Echo/Content/FirstPersonBP/Enemy/AICon.uasset" 390
"../../../Engine/Content/BasicShapes/BasicShapeMaterial.uasset" 391
"../../../Engine/Content/BasicShapes/Sphere.uasset" 392
"../../../Engine/Content/EditorSounds/GamePreview/EjectFromPlayer.uasset" 393
"../../../Engine/Content/EditorSounds/GamePreview/EjectFromPlayer_Cue.uasset" 394
"../../../Echo/Content/FirstPersonBP/Enemy/Char.uasset" 395
"../../../Engine/Content/EngineSky/C_Sky_Cloud_Color.uasset" 396
"../../../Engine/Content/EngineSky/C_Sky_Horizon_Color.uasset" 397
"../../../Engine/Content/EngineSky/C_Sky_Zenith_Color.uasset" 398
"../../../Engine/Content/EngineSky/T_Sky_Blue.uasset" 399
"../../../Engine/Content/EngineSky/T_Sky_Clouds_M.uasset" 400
"../../../Engine/Content/EngineSky/T_Sky_Stars.uasset" 401
"../../../Engine/Content/EngineSky/M_Sky_Panning_Clouds2.uasset" 402
"../../../Engine/Content/EngineSky/SM_SkySphere.uasset" 403
"../../../Engine/Content/EngineSky/BP_Sky_Sphere.uasset" 404
"../../../Echo/Content/FirstPersonBP/Blueprints/Interactables/PlatformMaterial.uasset" 405
"../../../Echo/Content/FirstPersonBP/Blueprints/Interactables/Platform.uasset" 406
"../../../Echo/Content/FirstPersonBP/Platte_Cue.uasset" 407
"../../../Echo/Content/FirstPersonBP/Blueprints/Interactables/Pressure_Plate.uasset" 408
"../../../Engine/Content/Functions/Engine_MaterialFunctions03/Procedurals/ComputeFilterWidth.uasset" 409
"../../../Engine/Content/EngineMaterials/AntiAliasedTextMaterialTranslucent.uasset" 410
"../../../Engine/Content/Functions/Engine_MaterialFunctions02/Utility/BreakOutFloat4Components.uasset" 411
"../../../Echo/Content/FirstPersonBP/PostProcess.uasset" 412
"../../../Echo/Content/Geometry/Meshes/1M_Cube.uasset" 413
"../../../Echo/Content/FirstPersonBP/Enemy/EnemyTest.umap" 414
"../../../Echo/Content/FirstPersonBP/GoalMaterial.uasset" 415
"../../../Echo/Content/FirstPersonBP/Goal.uasset" 416
"../../../Echo/Content/FirstPersonBP/Maps/FirstPersonExampleMap_BuiltData.uasset" 417
"../../../Echo/Content/FirstPerson/Meshes/CubeMaterialOverride.uasset" 418
"../../../Echo/Content/FirstPersonBP/Maps/FirstPersonExampleMap.umap" 419
"../../../Echo/Content/FirstPersonBP/Blueprints/Interactables/Door.uasset" 420
"../../../Echo/Content/FirstPersonBP/Maps/InteractablesTest2_BuiltData.uasset" 421
"../../../Echo/Content/FirstPersonBP/Maps/InteractablesTest2.umap" 422
"../../../Echo/Content/FirstPersonBP/Blueprints/Menu/MainMenu.uasset" 423
"../../../Echo/Content/FirstPersonBP/Maps/MainMenuMap.umap" 424
"../../../Echo/Content/FirstPersonBP/KillerVol.uasset" 425
"../../../Echo/Content/FirstPersonBP/Maps/PrototypLevel_BuiltData.uasset" 426
"../../../Echo/Content/FirstPersonBP/Maps/PrototypLevel.umap" 427
"../../../Echo/Content/FirstPersonBP/Blueprints/Interactables/TwoWayDoor.uasset" 428
"../../../Echo/Content/FirstPersonBP/Maps/PrototypLevel_2_BuiltData.uasset" 429
"../../../Engine/Content/EngineSounds/ReverbSettings/CaveHall.uasset" 430
"../../../Echo/Content/FirstPersonBP/Maps/PrototypLevel_2.umap" 431
"../../../Echo/Content/StarterContent/Blueprints/Assets/FogBrightnessLUT.uasset" 432
"../../../Echo/Content/StarterContent/Blueprints/Assets/SunlightColorLUT.uasset" 433
"../../../Echo/Content/StarterContent/Blueprints/Assets/M_LightStage_Arrows.uasset" 434
"../../../Engine/Content/MapTemplates/Sky/DaylightAmbientCubemap.uasset" 435
"../../../Echo/Content/StarterContent/Blueprints/Assets/M_LightStage_Skybox_Master.uasset" 436
"../../../Echo/Content/StarterContent/Blueprints/Assets/M_LightStage_Skybox_Black.uasset" 437
"../../../Echo/Content/StarterContent/Blueprints/Assets/M_LightStage_Skybox_HDRI.uasset" 438
"../../../Engine/Content/EditorMaterials/Thumbnails/SkySphereMaterial.uasset" 439
"../../../Echo/Content/StarterContent/Blueprints/Assets/Skybox.uasset" 440
"../../../Echo/Content/StarterContent/Blueprints/Assets/SM_Arrows.uasset" 441
"../../../Echo/Content/StarterContent/HDRI/HDRI_Epic_Courtyard_Daylight.uasset" 442
"../../../Echo/Content/StarterContent/Blueprints/BP_LightStudio.uasset" 443
"../../../Echo/Content/StarterContent/Maps/Advanced_Lighting_BuiltData.uasset" 444
"../../../Echo/Content/StarterContent/Materials/M_AssetPlatform.uasset" 445
"../../../Engine/Content/EditorMeshes/ColorCalibrator/M_ChromeBall.uasset" 446
"../../../Engine/Content/EditorMeshes/ColorCalibrator/M_ClearCoat.uasset" 447
"../../../Engine/Content/EditorMeshes/ColorCalibrator/M_ClearCoatBlack.uasset" 448
"../../../Engine/Content/EditorMeshes/ColorCalibrator/Color_checker.uasset" 449
"../../../Engine/Content/EditorMeshes/ColorCalibrator/M_ColorGrid.uasset" 450
"../../../Engine/Content/EditorMeshes/ColorCalibrator/M_GreyBall.uasset" 451
"../../../Engine/Content/EditorMeshes/ColorCalibrator/SM_ColorCalibrator.uasset" 452
"../../../Echo/Content/StarterContent/Architecture/SM_AssetPlatform.uasset" 453
"../../../Echo/Content/StarterContent/Maps/Advanced_Lighting.umap" 454
"../../../Echo/Content/StarterContent/Maps/Minimal_Default_BuiltData.uasset" 455
"../../../Echo/Content/StarterContent/Textures/T_MacroVariation.uasset" 456
"../../../Echo/Content/StarterContent/Materials/M_Metal_Brushed_Nickel.uasset" 457
"../../../Echo/Content/StarterContent/Textures/T_Metal_Aluminum_D.uasset" 458
"../../../Echo/Content/StarterContent/Textures/T_Metal_Gold_N.uasset" 459
"../../../Echo/Content/StarterContent/Materials/M_Metal_Burnished_Steel.uasset" 460
"../../../Echo/Content/StarterContent/Textures/T_Metal_Copper_D.uasset" 461
"../../../Echo/Content/StarterContent/Materials/M_Metal_Copper.uasset" 462
"../../../Echo/Content/StarterContent/Textures/T_Statue_M.uasset" 463
"../../../Echo/Content/StarterContent/Textures/T_Statue_N.uasset" 464
"../../../Echo/Content/StarterContent/Props/Materials/M_StatueGlass.uasset" 465
"../../../Echo/Content/StarterContent/Architecture/Floor_400x400.uasset" 466
"../../../Echo/Content/StarterContent/Audio/Starter_Background_Cue.uasset" 467
"../../../Echo/Content/StarterContent/Props/SM_Chair.uasset" 468
"../../../Echo/Content/StarterContent/Props/Materials/M_Statue.uasset" 469
"../../../Echo/Content/StarterContent/Props/SM_Statue.uasset" 470
"../../../Echo/Content/StarterContent/Textures/T_TableRound_M.uasset" 471
"../../../Echo/Content/StarterContent/Textures/T_TableRound_N.uasset" 472
"../../../Echo/Content/StarterContent/Props/Materials/M_TableRound.uasset" 473
"../../../Echo/Content/StarterContent/Props/SM_TableRound.uasset" 474
"../../../Echo/Content/StarterContent/Maps/Minimal_Default.umap" 475
"../../../Echo/Content/StarterContent/Audio/Fire01_Cue.uasset" 476
"../../../Echo/Content/StarterContent/Textures/T_Fire_SubUV.uasset" 477
"../../../Echo/Content/StarterContent/Textures/T_Fire_Tiled_D.uasset" 478
"../../../Echo/Content/StarterContent/Particles/Materials/M_Fire_SubUV.uasset" 479
"../../../Echo/Content/StarterContent/Textures/T_Water_N.uasset" 480
"../../../Echo/Content/StarterContent/Particles/Materials/M_Heat_Distortion.uasset" 481
"../../../Echo/Content/StarterContent/Particles/Materials/M_Radial_Gradient.uasset" 482
"../../../Echo/Content/StarterContent/Particles/P_Fire.uasset" 483
"../../../Echo/Content/StarterContent/Blueprints/Blueprint_Effect_Fire.uasset" 484
"../../../Echo/Content/StarterContent/Audio/Smoke01_Cue.uasset" 485
"../../../Echo/Content/StarterContent/Particles/P_Smoke.uasset" 486
"../../../Echo/Content/StarterContent/Blueprints/Blueprint_Effect_Smoke.uasset" 487
"../../../Echo/Content/StarterContent/Audio/Fire_Sparks01_Cue.uasset" 488
"../../../Echo/Content/StarterContent/Textures/T_Spark_Core.uasset" 489
"../../../Echo/Content/StarterContent/Particles/Materials/M_Spark.uasset" 490
"../../../Echo/Content/StarterContent/Particles/P_Sparks.uasset" 491
"../../../Echo/Content/StarterContent/Blueprints/Blueprint_Effect_Sparks.uasset" 492
"../../../Echo/Content/StarterContent/Audio/Steam01_Cue.uasset" 493
"../../../Echo/Content/StarterContent/Particles/P_Steam_Lit.uasset" 494
"../../../Echo/Content/StarterContent/Blueprints/Blueprint_Effect_Steam.uasset" 495
"../../../Echo/Content/StarterContent/Textures/T_Lamp_M.uasset" 496
"../../../Echo/Content/StarterContent/Textures/T_Lamp_N.uasset" 497
"../../../Echo/Content/StarterContent/Props/Materials/M_Lamp.uasset" 498
"../../../Echo/Content/StarterContent/Props/SM_Lamp_Ceiling.uasset" 499
"../../../Echo/Content/StarterContent/Blueprints/Blueprint_CeilingLight.uasset" 500
"../../../Echo/Content/StarterContent/Props/SM_Lamp_Wall.uasset" 501
"../../../Echo/Content/StarterContent/Blueprints/Blueprint_WallSconce.uasset" 502
"../../../Echo/Content/StarterContent/Maps/StarterMap_BuiltData.uasset" 503
"../../../Echo/Content/StarterContent/Textures/T_Brick_Clay_Beveled_D.uasset" 504
"../../../Echo/Content/StarterContent/Textures/T_Brick_Clay_Beveled_M.uasset" 505
"../../../Echo/Content/StarterContent/Textures/T_Brick_Clay_Beveled_N.uasset" 506
"../../../Echo/Content/StarterContent/Materials/M_Brick_Clay_Beveled.uasset" 507
"../../../Echo/Content/StarterContent/Textures/T_Brick_Clay_New_D.uasset" 508
"../../../Echo/Content/StarterContent/Textures/T_Brick_Clay_New_M.uasset" 509
"../../../Echo/Content/StarterContent/Textures/T_Brick_Clay_New_N.uasset" 510
"../../../Echo/Content/StarterContent/Materials/M_Brick_Clay_New.uasset" 511
"../../../Echo/Content/StarterContent/Textures/T_Brick_Clay_Old_D.uasset" 512
"../../../Echo/Content/StarterContent/Textures/T_Brick_Clay_Old_N.uasset" 513
"../../../Echo/Content/StarterContent/Textures/T_Perlin_Noise_M.uasset" 514
"../../../Echo/Content/StarterContent/Materials/M_Brick_Clay_Old.uasset" 515
"../../../Echo/Content/StarterContent/Textures/T_Brick_Cut_Stone_D.uasset" 516
"../../../Echo/Content/StarterContent/Textures/T_Brick_Cut_Stone_N.uasset" 517
"../../../Echo/Content/StarterContent/Materials/M_Brick_Cut_Stone.uasset" 518
"../../../Echo/Content/StarterContent/Textures/T_Brick_Hewn_Stone_D.uasset" 519
"../../../Echo/Content/StarterContent/Textures/T_Brick_Hewn_Stone_M.uasset" 520
"../../../Echo/Content/StarterContent/Textures/T_Brick_Hewn_Stone_N.uasset" 521
"../../../Echo/Content/StarterContent/Materials/M_Brick_Hewn_Stone.uasset" 522
"../../../Echo/Content/StarterContent/Textures/T_Ceramic_Tile_M.uasset" 523
"../../../Echo/Content/StarterContent/Textures/T_Ceramic_Tile_N.uasset" 524
"../../../Echo/Content/StarterContent/Textures/T_Rock_Marble_Polished_D.uasset" 525
"../../../Echo/Content/StarterContent/Materials/M_Ceramic_Tile_Checker.uasset" 526
"../../../Echo/Content/StarterContent/Textures/T_CobbleStone_Pebble_D.uasset" 527
"../../../Echo/Content/StarterContent/Textures/T_CobbleStone_Pebble_M.uasset" 528
"../../../Echo/Content/StarterContent/Textures/T_CobbleStone_Pebble_N.uasset" 529
"../../../Echo/Content/StarterContent/Materials/M_CobbleStone_Pebble.uasset" 530
"../../../Echo/Content/StarterContent/Textures/T_CobbleStone_Rough_D.uasset" 531
"../../../Echo/Content/StarterContent/Textures/T_CobbleStone_Rough_N.uasset" 532
"../../../Echo/Content/StarterContent/Textures/T_Gradinet_01.uasset" 533
"../../../Echo/Content/StarterContent/Textures/T_Rock_Smooth_Granite_D.uasset" 534
"../../../Echo/Content/StarterContent/Materials/M_CobbleStone_Rough.uasset" 535
"../../../Echo/Content/StarterContent/Textures/T_CobbleStone_Smooth_D.uasset" 536
"../../../Echo/Content/StarterContent/Textures/T_CobbleStone_Smooth_M.uasset" 537
"../../../Echo/Content/StarterContent/Textures/T_CobbleStone_Smooth_N.uasset" 538
"../../../Echo/Content/StarterContent/Materials/M_CobbleStone_Smooth.uasset" 539
"../../../Echo/Content/StarterContent/Textures/T_Concrete_Grime_D.uasset" 540
"../../../Echo/Content/StarterContent/Textures/T_Metal_Rust_N.uasset" 541
"../../../Echo/Content/StarterContent/Materials/M_Concrete_Grime.uasset" 542
"../../../Echo/Content/StarterContent/Textures/T_Concrete_Panels_D.uasset" 543
"../../../Echo/Content/StarterContent/Textures/T_Concrete_Panels_N.uasset" 544
"../../../Echo/Content/StarterContent/Materials/M_Concrete_Panels.uasset" 545
"../../../Echo/Content/StarterContent/Textures/T_Concrete_Poured_D.uasset" 546
"../../../Echo/Content/StarterContent/Textures/T_Concrete_Poured_N.uasset" 547
"../../../Echo/Content/StarterContent/Materials/M_Concrete_Poured.uasset" 548
"../../../Echo/Content/StarterContent/Textures/T_Concrete_Tiles_D.uasset" 549
"../../../Echo/Content/StarterContent/Textures/T_Concrete_Tiles_M.uasset" 550
"../../../Echo/Content/StarterContent/Textures/T_Concrete_Tiles_N.uasset" 551
"../../../Echo/Content/StarterContent/Textures/T_Concrete_Tiles_Variation_M.uasset" 552
"../../../Echo/Content/StarterContent/Materials/M_Concrete_Tiles.uasset" 553
"../../../Echo/Content/StarterContent/Textures/T_Ground_Grass_D.uasset" 554
"../../../Echo/Content/StarterContent/Textures/T_Ground_Grass_N.uasset" 555
"../../../Echo/Content/StarterContent/Materials/M_Ground_Grass.uasset" 556
"../../../Echo/Content/StarterContent/Textures/T_Ground_Gravel_D.uasset" 557
"../../../Echo/Content/StarterContent/Textures/T_Ground_Gravel_N.uasset" 558
"../../../Echo/Content/StarterContent/Materials/M_Ground_Gravel.uasset" 559
"../../../Echo/Content/StarterContent/Textures/T_ground_Moss_D.uasset" 560
"../../../Echo/Content/StarterContent/Textures/T_Ground_Moss_N.uasset" 561
"../../../Echo/Content/StarterContent/Materials/M_Ground_Moss.uasset" 562
"../../../Echo/Content/StarterContent/Materials/M_Metal_Chrome.uasset" 563
"../../../Echo/Content/StarterContent/Textures/T_Metal_Gold_D.uasset" 564
"../../../Echo/Content/StarterContent/Materials/M_Metal_Gold.uasset" 565
"../../../Echo/Content/StarterContent/Textures/T_Metal_Rust_D.uasset" 566
"../../../Echo/Content/StarterContent/Materials/M_Metal_Rust.uasset" 567
"../../../Echo/Content/StarterContent/Textures/T_Metal_Steel_D.uasset" 568
"../../../Echo/Content/StarterContent/Textures/T_Metal_Steel_N.uasset" 569
"../../../Echo/Content/StarterContent/Materials/M_Metal_Steel.uasset" 570
"../../../Echo/Content/StarterContent/Textures/T_Rock_Basalt_N.uasset" 571
"../../../Echo/Content/StarterContent/Materials/M_Rock_Basalt.uasset" 572
"../../../Echo/Content/StarterContent/Materials/M_Rock_Marble_Polished.uasset" 573
"../../../Echo/Content/StarterContent/Textures/T_Rock_Sandstone_D.uasset" 574
"../../../Echo/Content/StarterContent/Textures/T_Rock_Sandstone_N.uasset" 575
"../../../Echo/Content/StarterContent/Materials/M_Rock_Sandstone.uasset" 576
"../../../Echo/Content/StarterContent/Textures/T_Rock_Slate_D.uasset" 577
"../../../Echo/Content/StarterContent/Textures/T_Rock_Slate_N.uasset" 578
"../../../Echo/Content/StarterContent/Materials/M_Rock_Slate.uasset" 579
"../../../Echo/Content/StarterContent/Textures/T_Checker_Noise_M.uasset" 580
"../../../Echo/Content/StarterContent/Textures/T_Single_Tile_N.uasset" 581
"../../../Echo/Content/StarterContent/Textures/T_Tech_Dot_M.uasset" 582
"../../../Echo/Content/StarterContent/Textures/T_Tech_Dot_N.uasset" 583
"../../../Echo/Content/StarterContent/Materials/M_Tech_Checker_Dot.uasset" 584
"../../../Echo/Content/StarterContent/Textures/T_Tech_Hex_Tile_M.uasset" 585
"../../../Echo/Content/StarterContent/Textures/T_Tech_Hex_Tile_N.uasset" 586
"../../../Echo/Content/StarterContent/Materials/M_Tech_Hex_Tile.uasset" 587
"../../../Echo/Content/StarterContent/Materials/M_Tech_Hex_Tile_Pulse.uasset" 588
"../../../Echo/Content/StarterContent/Textures/T_Tech_Panel_M.uasset" 589
"../../../Echo/Content/StarterContent/Textures/T_Tech_Panel_N.uasset" 590
"../../../Echo/Content/StarterContent/Materials/M_Tech_Panel.uasset" 591
"../../../Echo/Content/StarterContent/Materials/M_Water_Lake.uasset" 592
"../../../Echo/Content/StarterContent/Textures/T_Water_M.uasset" 593
"../../../Echo/Content/StarterContent/Materials/M_Water_Ocean.uasset" 594
"../../../Echo/Content/StarterContent/Textures/T_Wood_Floor_Walnut_D.uasset" 595
"../../../Echo/Content/StarterContent/Textures/T_Wood_Floor_Walnut_M.uasset" 596
"../../../Echo/Content/StarterContent/Textures/T_Wood_Floor_Walnut_N.uasset" 597
"../../../Echo/Content/StarterContent/Materials/M_Wood_Floor_Walnut_Polished.uasset" 598
"../../../Engine/Content/Functions/Engine_MaterialFunctions01/Opacity/AlphaOffset.uasset" 599
"../../../Echo/Content/StarterContent/Materials/M_Wood_Floor_Walnut_Worn.uasset" 600
"../../../Echo/Content/StarterContent/Textures/T_Wood_Oak_D.uasset" 601
"../../../Echo/Content/StarterContent/Textures/T_Wood_Oak_N.uasset" 602
"../../../Echo/Content/StarterContent/Materials/M_Wood_Oak.uasset" 603
"../../../Echo/Content/StarterContent/Textures/T_Wood_Pine_D.uasset" 604
"../../../Echo/Content/StarterContent/Textures/T_Wood_Pine_N.uasset" 605
"../../../Echo/Content/StarterContent/Materials/M_Wood_Pine.uasset" 606
"../../../Echo/Content/StarterContent/Textures/T_Wood_Walnut_D.uasset" 607
"../../../Echo/Content/StarterContent/Textures/T_Wood_Walnut_N.uasset" 608
"../../../Echo/Content/StarterContent/Materials/M_Wood_Walnut.uasset" 609
"../../../Echo/Content/StarterContent/Architecture/Wall_400x200.uasset" 610
"../../../Echo/Content/StarterContent/Architecture/Wall_Door_400x300.uasset" 611
"../../../Echo/Content/StarterContent/Architecture/Wall_Window_400x300.uasset" 612
"../../../Echo/Content/StarterContent/Audio/Collapse_Cue.uasset" 613
"../../../Echo/Content/StarterContent/Audio/Starter_Music_Cue.uasset" 614
"../../../Echo/Content/StarterContent/Textures/T_Dust_Particle_D.uasset" 615
"../../../Echo/Content/StarterContent/Particles/Materials/M_Dust_Particle.uasset" 616
"../../../Echo/Content/StarterContent/Particles/P_Ambient_Dust.uasset" 617
"../../../Echo/Content/StarterContent/Props/MaterialSphere.uasset" 618
"../../../Echo/Content/StarterContent/Textures/T_Frame_M.uasset" 619
"../../../Echo/Content/StarterContent/Textures/T_Frame_N.uasset" 620
"../../../Echo/Content/StarterContent/Props/Materials/M_Frame.uasset" 621
"../../../Echo/Content/StarterContent/Props/SM_CornerFrame.uasset" 622
"../../../Echo/Content/StarterContent/Props/SM_DoorFrame.uasset" 623
"../../../Echo/Content/StarterContent/Props/SM_GlassWindow.uasset" 624
"../../../Echo/Content/StarterContent/Props/SM_PillarFrame.uasset" 625
"../../../Echo/Content/StarterContent/Props/SM_PillarFrame300.uasset" 626
"../../../Echo/Content/StarterContent/Props/SM_WindowFrame.uasset" 627
"../../../Echo/Content/StarterContent/Shapes/Shape_Cube.uasset" 628
"../../../Echo/Content/StarterContent/Shapes/Shape_QuadPyramid.uasset" 629
"../../../Echo/Content/StarterContent/Shapes/Shape_Sphere.uasset" 630
"../../../Echo/Content/StarterContent/Maps/StarterMap.umap" 631
"../../../Engine/Content/Maps/Entry.umap" 632
